


ARM Macro Assembler    Page 1 


    1 00000000         ;/*-----------------------------------------------------
                       ----------------------------------------------------*/
    2 00000000         ;/* Holtek Semiconductor Inc.                           
                                                                           */
    3 00000000         ;/*                                                     
                                                                           */
    4 00000000         ;/* Copyright (C) Holtek Semiconductor Inc.             
                                                                           */
    5 00000000         ;/* All rights reserved.                                
                                                                           */
    6 00000000         ;/*                                                     
                                                                           */
    7 00000000         ;/*-----------------------------------------------------
                       ------------------------------------------------------
    8 00000000         ;  File Name        : startup_ht32f5xxxx_01.s
    9 00000000         ;  Version          : $Rev:: 3477         $
   10 00000000         ;  Date             : $Date:: 2019-03-07 #$
   11 00000000         ;  Description      : Startup code.
   12 00000000         ;-------------------------------------------------------
                       ----------------------------------------------------*/
   13 00000000         
   14 00000000         ;  Supported Device
   15 00000000         ;  ========================================
   16 00000000         ;   HT32F52220, HT32F52230
   17 00000000         ;   HT32F52231, HT32F52241
   18 00000000         ;   HT32F52331, HT32F52341
   19 00000000         ;   HT32F52342, HT32F52352
   20 00000000         ;   HT32F52243, HT32F52253
   21 00000000         ;   HT32F0008
   22 00000000         ;   HT32F52344, HT32F52354
   23 00000000         ;   HT32F0006
   24 00000000         
   25 00000000         ;/* <<< Use Configuration Wizard in Context Menu >>>    
                                                                           */
   26 00000000         
   27 00000000         ;// <o>  HT32 Device
   28 00000000         ;//      <0=> By Project Asm Define
   29 00000000         ;//      <1=> HT32F52220/30
   30 00000000         ;//      <2=> HT32F52231/41
   31 00000000         ;//      <3=> HT32F52331/41
   32 00000000         ;//      <4=> HT32F52342/52
   33 00000000         ;//      <5=> HT32F52243/53
   34 00000000         ;//      <6=> HT32F0008
   35 00000000         ;//      <9=> HT32F52344/54
   36 00000000         ;//      <10=> HT32F0006
   37 00000000 00000000 
                       USE_HT32_CHIP_SET
                               EQU              0
   38 00000000         
   39 00000000 FFFFFFFF 
                       _HT32FWID
                               EQU              0xFFFFFFFF
   40 00000000         ;_HT32FWID           EQU     0x00052220
   41 00000000         ;_HT32FWID           EQU     0x00052230
   42 00000000         ;_HT32FWID           EQU     0x00052231
   43 00000000         ;_HT32FWID           EQU     0x00052241
   44 00000000         ;_HT32FWID           EQU     0x00052331
   45 00000000         ;_HT32FWID           EQU     0x00052341
   46 00000000         ;_HT32FWID           EQU     0x00052342



ARM Macro Assembler    Page 2 


   47 00000000         ;_HT32FWID           EQU     0x00052352
   48 00000000         ;_HT32FWID           EQU     0x00052243
   49 00000000         ;_HT32FWID           EQU     0x00052253
   50 00000000         ;_HT32FWID           EQU     0x00000008
   51 00000000         ;_HT32FWID           EQU     0x00052344
   52 00000000         ;_HT32FWID           EQU     0x00052354
   53 00000000         ;_HT32FWID           EQU     0x00000006
   54 00000000         
   55 00000000 00000001 
                       HT32F52220_30
                               EQU              1
   56 00000000 00000002 
                       HT32F52231_41
                               EQU              2
   57 00000000 00000003 
                       HT32F52331_41
                               EQU              3
   58 00000000 00000004 
                       HT32F52342_52
                               EQU              4
   59 00000000 00000005 
                       HT32F52243_53
                               EQU              5
   60 00000000 00000006 
                       HT32F0008
                               EQU              6
   61 00000000 00000009 
                       HT32F52344_54
                               EQU              9
   62 00000000 0000000A 
                       HT32F0006
                               EQU              10
   63 00000000         
   64 00000000                 IF               USE_HT32_CHIP_SET=0
   65 00000000                 ELSE
   67                          ENDIF
   68 00000000         
   69 00000000         ; Amount of memory (in bytes) allocated for Stack and He
                       ap
   70 00000000         ; Tailor those values to your application needs
   71 00000000         ;//   <o> Stack Size (in Bytes, must 8 byte aligned) <0-
                       16384:8>
   72 00000000 00000200 
                       Stack_Size
                               EQU              512
   73 00000000         
   74 00000000                 AREA             STACK, NOINIT, READWRITE, ALIGN
 = 3
   75 00000000         __HT_check_sp
   76 00000000         Stack_Mem
                               SPACE            Stack_Size
   77 00000200         __initial_sp
   78 00000200         
   79 00000200         ;//   <o>  Heap Size (in Bytes) <0-16384:8>
   80 00000200 00000000 
                       Heap_Size
                               EQU              0
   81 00000200         
   82 00000200                 AREA             HEAP, NOINIT, READWRITE, ALIGN 



ARM Macro Assembler    Page 3 


= 3
   83 00000000         __HT_check_heap
   84 00000000         __heap_base
   85 00000000         Heap_Mem
                               SPACE            Heap_Size
   86 00000000         __heap_limit
   87 00000000         
   88 00000000                 PRESERVE8
   89 00000000                 THUMB
   90 00000000         
   91 00000000         ;*******************************************************
                       ************************
   92 00000000         ; Fill-up the Vector Table entries with the exceptions I
                       SR address
   93 00000000         ;*******************************************************
                       ************************
   94 00000000                 AREA             RESET, CODE, READONLY
   95 00000000                 EXPORT           __Vectors
   96 00000000 FFFFFFFF 
                       _RESERVED
                               EQU              0xFFFFFFFF
   97 00000000         __Vectors
   98 00000000 00000000        DCD              __initial_sp ; ---, 00, 0x000, 
                                                            Top address of Stac
                                                            k
   99 00000004 00000000        DCD              Reset_Handler ; ---, 01, 0x004,
                                                             Reset Handler
  100 00000008 00000000        DCD              NMI_Handler ; -14, 02, 0x008, N
                                                            MI Handler
  101 0000000C 00000000        DCD              HardFault_Handler ; -13, 03, 0x
                                                            00C, Hard Fault Han
                                                            dler
  102 00000010 FFFFFFFF        DCD              _RESERVED   ; ---, 04, 0x010, R
                                                            eserved
  103 00000014 FFFFFFFF        DCD              _RESERVED   ; ---, 05, 0x014, R
                                                            eserved
  104 00000018 FFFFFFFF        DCD              _RESERVED   ; ---, 06, 0x018, R
                                                            eserved
  105 0000001C FFFFFFFF        DCD              _RESERVED   ; ---, 07, 0x01C, R
                                                            eserved
  106 00000020 FFFFFFFF        DCD              _HT32FWID   ; ---, 08, 0x020, R
                                                            eserved
  107 00000024 FFFFFFFF        DCD              _RESERVED   ; ---, 09, 0x024, R
                                                            eserved
  108 00000028 FFFFFFFF        DCD              _RESERVED   ; ---, 10, 0x028, R
                                                            eserved
  109 0000002C 00000000        DCD              SVC_Handler ; -05, 11, 0x02C, S
                                                            VC Handler
  110 00000030 FFFFFFFF        DCD              _RESERVED   ; ---, 12, 0x030, R
                                                            eserved
  111 00000034 FFFFFFFF        DCD              _RESERVED   ; ---, 13, 0x034, R
                                                            eserved
  112 00000038 00000000        DCD              PendSV_Handler ; -02, 14, 0x038
                                                            , PendSV Handler
  113 0000003C 00000000        DCD              SysTick_Handler ; -01, 15, 0x03
                                                            C, SysTick Handler
  114 00000040         
  115 00000040         ; External Interrupt Handler
  116 00000040 00000000        DCD              LVD_BOD_IRQHandler 



ARM Macro Assembler    Page 4 


                                                            ;  00, 16, 0x040,
  117 00000044                 IF               (USE_HT32_CHIP=HT32F52220_30)
  118 00000044 FFFFFFFF        DCD              _RESERVED   ;  01, 17, 0x044,
  119 00000048                 ELSE
  121                          ENDIF
  122 00000048 00000000        DCD              FLASH_IRQHandler 
                                                            ;  02, 18, 0x048,
  123 0000004C 00000000        DCD              EVWUP_IRQHandler 
                                                            ;  03, 19, 0x04C,
  124 00000050 00000000        DCD              EXTI0_1_IRQHandler 
                                                            ;  04, 20, 0x050,
  125 00000054 00000000        DCD              EXTI2_3_IRQHandler 
                                                            ;  05, 21, 0x054,
  126 00000058 00000000        DCD              EXTI4_15_IRQHandler 
                                                            ;  06, 22, 0x058,
  127 0000005C                 IF               (USE_HT32_CHIP=HT32F52342_52) |
| (USE_HT32_CHIP=HT32F52344_54)
  130 0000005C FFFFFFFF        DCD              _RESERVED   ;  07, 23, 0x05C,
  131 00000060                 ENDIF
  132 00000060                 IF               (USE_HT32_CHIP=HT32F0008)
  135 00000060 00000000        DCD              ADC_IRQHandler 
                                                            ;  08, 24, 0x060,
  136 00000064                 ENDIF
  137 00000064                 IF               (USE_HT32_CHIP=HT32F52243_53)
  140 00000064 FFFFFFFF        DCD              _RESERVED   ;  09, 25, 0x064,
  141 00000068                 ENDIF
  142 00000068                 IF               (USE_HT32_CHIP=HT32F52220_30) |
| (USE_HT32_CHIP=HT32F0008) || (USE_HT32_CHIP=HT32F0006)
  143 00000068 FFFFFFFF        DCD              _RESERVED   ;  10, 26, 0x068,
  144 0000006C                 ELSE
  146                          ENDIF
  147 0000006C                 IF               (USE_HT32_CHIP=HT32F52342_52)
  150 0000006C FFFFFFFF        DCD              _RESERVED   ;  11, 27, 0x06C,
  151 00000070                 ENDIF
  152 00000070 00000000        DCD              GPTM0_IRQHandler 
                                                            ;  12, 28, 0x070,
  153 00000074                 IF               (USE_HT32_CHIP=HT32F0008)
  157 00000074 00000000        DCD              SCTM0_IRQHandler 
                                                            ;  13, 29, 0x074,
  158 00000078 00000000        DCD              SCTM1_IRQHandler 
                                                            ;  14, 30, 0x078,
  159 0000007C                 ENDIF
  160 0000007C                 IF               (USE_HT32_CHIP=HT32F52231_41) |
| (USE_HT32_CHIP=HT32F52331_41) || (USE_HT32_CHIP=HT32F52243_53) || (USE_HT32_C
HIP=HT32F0006)
  163                          ENDIF
  164 0000007C                 IF               (USE_HT32_CHIP=HT32F0008)
  167                          ENDIF
  168 0000007C                 IF               (USE_HT32_CHIP=HT32F52220_30) |
| (USE_HT32_CHIP=HT32F52342_52) || (USE_HT32_CHIP=HT32F52344_54)
  169 0000007C FFFFFFFF        DCD              _RESERVED   ;  15, 31, 0x07C,
  170 00000080 FFFFFFFF        DCD              _RESERVED   ;  16, 32, 0x080,
  171 00000084                 ENDIF
  172 00000084 00000000        DCD              BFTM0_IRQHandler 
                                                            ;  17, 33, 0x084,
  173 00000088                 IF               (USE_HT32_CHIP=HT32F52220_30)
  174 00000088 FFFFFFFF        DCD              _RESERVED   ;  18, 34, 0x088,
  175 0000008C                 ELSE
  177                          ENDIF



ARM Macro Assembler    Page 5 


  178 0000008C 00000000        DCD              I2C0_IRQHandler 
                                                            ;  19, 35, 0x08C,
  179 00000090                 IF               (USE_HT32_CHIP=HT32F52220_30) |
| (USE_HT32_CHIP=HT32F0008) || (USE_HT32_CHIP=HT32F52344_54) || (USE_HT32_CHIP=
HT32F0006)
  180 00000090 FFFFFFFF        DCD              _RESERVED   ;  20, 36, 0x090,
  181 00000094                 ELSE
  183                          ENDIF
  184 00000094 00000000        DCD              SPI0_IRQHandler 
                                                            ;  21, 37, 0x094,
  185 00000098                 IF               (USE_HT32_CHIP=HT32F52220_30) |
| (USE_HT32_CHIP=HT32F0008)
  186 00000098 FFFFFFFF        DCD              _RESERVED   ;  22, 38, 0x098,
  187 0000009C                 ELSE
  193                          ENDIF
  194 0000009C                 IF               (USE_HT32_CHIP=HT32F52344_54)
  197 0000009C 00000000        DCD              USART0_IRQHandler 
                                                            ;  23, 39, 0x09C,
  198 000000A0                 ENDIF
  199 000000A0                 IF               (USE_HT32_CHIP=HT32F52342_52) |
| (USE_HT32_CHIP=HT32F52243_53)
  202 000000A0 FFFFFFFF        DCD              _RESERVED   ;  24, 40, 0x0A0,
  203 000000A4                 ENDIF
  204 000000A4 00000000        DCD              UART0_IRQHandler 
                                                            ;  25, 41, 0x0A4,
  205 000000A8                 IF               (USE_HT32_CHIP=HT32F52220_30) |
| (USE_HT32_CHIP=HT32F0008) || (USE_HT32_CHIP=HT32F0006)
  206 000000A8 FFFFFFFF        DCD              _RESERVED   ;  26, 42, 0x0A8,
  207 000000AC                 ELSE
  209                          ENDIF
  210 000000AC                 IF               (USE_HT32_CHIP=HT32F52331_41) |
| (USE_HT32_CHIP=HT32F52342_52)
  212                          ENDIF
  213 000000AC                 IF               (USE_HT32_CHIP=HT32F52243_53)
  215                          ENDIF
  216 000000AC                 IF               (USE_HT32_CHIP=HT32F0006)
  218                          ENDIF
  219 000000AC                 IF               (USE_HT32_CHIP=HT32F0008) || (U
SE_HT32_CHIP=HT32F52344_54)
  221                          ENDIF
  222 000000AC                 IF               (USE_HT32_CHIP=HT32F52342_52) |
| (USE_HT32_CHIP=HT32F0006)
  224                          ENDIF
  225 000000AC                 IF               (USE_HT32_CHIP=HT32F52331_41) |
| (USE_HT32_CHIP=HT32F52344_54)
  227                          ENDIF
  228 000000AC                 IF               (USE_HT32_CHIP=HT32F52243_53)
  230                          ENDIF
  231 000000AC                 IF               (USE_HT32_CHIP=HT32F0008)
  233                          ENDIF
  234 000000AC                 IF               (USE_HT32_CHIP=HT32F52331_41) |
| (USE_HT32_CHIP=HT32F52342_52) || (USE_HT32_CHIP=HT32F0008) || (USE_HT32_CHIP=
HT32F52344_54) || (USE_HT32_CHIP=HT32F0006)
  236                          ENDIF
  237 000000AC                 IF               (USE_HT32_CHIP=HT32F52243_53)
  239                          ENDIF
  240 000000AC                 IF               (USE_HT32_CHIP=HT32F52342_52) |
| (USE_HT32_CHIP=HT32F52243_53) || (USE_HT32_CHIP=HT32F0008) || (USE_HT32_CHIP=
HT32F52344_54) || (USE_HT32_CHIP=HT32F0006)



ARM Macro Assembler    Page 6 


  243                          ENDIF
  244 000000AC         
  245 000000AC         ; Reset handler routine
  246 000000AC         Reset_Handler
                               PROC
  247 000000AC                 EXPORT           Reset_Handler                  
 [WEAK]
  248 000000AC                 IMPORT           SystemInit
  249 000000AC                 IMPORT           __main
  250 000000AC 481D            LDR              R0, =BootProcess
  251 000000AE 4780            BLX              R0
  252 000000B0 481D            LDR              R0, =SystemInit
  253 000000B2 4780            BLX              R0
  254 000000B4 481D            LDR              R0, =__main
  255 000000B6 4700            BX               R0
  256 000000B8                 ENDP
  257 000000B8         
  258 000000B8         BootProcess
                               PROC
  259 000000B8 481D            LDR              R0, =0x40080300
  260 000000BA 6901            LDR              R1,[R0, #0x10]
  261 000000BC 2900            CMP              R1, #0
  262 000000BE D108            BNE              BP1
  263 000000C0 6941            LDR              R1,[R0, #0x14]
  264 000000C2 2900            CMP              R1, #0
  265 000000C4 D105            BNE              BP1
  266 000000C6 6981            LDR              R1,[R0, #0x18]
  267 000000C8 2900            CMP              R1, #0
  268 000000CA D102            BNE              BP1
  269 000000CC 69C1            LDR              R1,[R0, #0x1C]
  270 000000CE 2900            CMP              R1, #0
  271 000000D0 D009            BEQ              BP2
  272 000000D2 4818    BP1     LDR              R0, =0x40080180
  273 000000D4 68C1            LDR              R1,[R0, #0xC]
  274 000000D6 0109            LSLS             R1, R1, #4
  275 000000D8 0D09            LSRS             R1, R1, #20
  276 000000DA 2900            CMP              R1, #0
  277 000000DC D00E            BEQ              BP3
  278 000000DE 2905            CMP              R1, #5
  279 000000E0 D00C            BEQ              BP3
  280 000000E2 2906            CMP              R1, #6
  281 000000E4 D00A            BEQ              BP3
  282 000000E6 F3BF 8F4F 
                       BP2     DSB
  283 000000EA 4813            LDR              R0, =0x20000000
  284 000000EC 4913            LDR              R1, =0x05fa0004
  285 000000EE 6001            STR              R1, [R0]
  286 000000F0 4913            LDR              R1, =0xe000ed00
  287 000000F2 4812            LDR              R0, =0x05fa0004
  288 000000F4 60C8            STR              R0, [R1, #0xC]
  289 000000F6 F3BF 8F4F       DSB
  290 000000FA E7FE            B                .
  291 000000FC 480E    BP3     LDR              R0, =0x20000000
  292 000000FE 6801            LDR              R1, [R0]
  293 00000100 480E            LDR              R0, =0x05fa0004
  294 00000102 4288            CMP              R0, R1
  295 00000104 D000            BEQ              BP4
  296 00000106 4770            BX               LR
  297 00000108 480E    BP4     LDR              R0, =0x40088100



ARM Macro Assembler    Page 7 


  298 0000010A 490F            LDR              R1, =0x00000001
  299 0000010C 6001            STR              R1, [R0]
  300 0000010E 480A            LDR              R0, =0x20000000
  301 00000110 490E            LDR              R1, =0x0
  302 00000112 6001            STR              R1, [R0]
  303 00000114 4770            BX               LR
  304 00000116                 ENDP
  305 00000116         
  306 00000116         ; Dummy Exception Handlers
  307 00000116         NMI_Handler
                               PROC
  308 00000116                 EXPORT           NMI_Handler                    
 [WEAK]
  309 00000116 E7FE            B                .
  310 00000118                 ENDP
  311 00000118         
  312 00000118         HardFault_Handler
                               PROC
  313 00000118                 EXPORT           HardFault_Handler              
 [WEAK]
  314 00000118 E7FE            B                .
  315 0000011A                 ENDP
  316 0000011A         
  317 0000011A         SVC_Handler
                               PROC
  318 0000011A                 EXPORT           SVC_Handler                    
 [WEAK]
  319 0000011A E7FE            B                .
  320 0000011C                 ENDP
  321 0000011C         
  322 0000011C         PendSV_Handler
                               PROC
  323 0000011C                 EXPORT           PendSV_Handler                 
 [WEAK]
  324 0000011C E7FE            B                .
  325 0000011E                 ENDP
  326 0000011E         
  327 0000011E         SysTick_Handler
                               PROC
  328 0000011E                 EXPORT           SysTick_Handler                
 [WEAK]
  329 0000011E E7FE            B                .
  330 00000120                 ENDP
  331 00000120         
  332 00000120         Default_Handler
                               PROC
  333 00000120                 EXPORT           LVD_BOD_IRQHandler             
 [WEAK]
  334 00000120                 EXPORT           RTC_IRQHandler                 
 [WEAK]
  335 00000120                 EXPORT           FLASH_IRQHandler               
 [WEAK]
  336 00000120                 EXPORT           EVWUP_IRQHandler               
 [WEAK]
  337 00000120                 EXPORT           EXTI0_1_IRQHandler             
 [WEAK]
  338 00000120                 EXPORT           EXTI2_3_IRQHandler             
 [WEAK]
  339 00000120                 EXPORT           EXTI4_15_IRQHandler            



ARM Macro Assembler    Page 8 


 [WEAK]
  340 00000120                 EXPORT           COMP_IRQHandler                
 [WEAK]
  341 00000120                 EXPORT           ADC_IRQHandler                 
 [WEAK]
  342 00000120                 EXPORT           MCTM0_IRQHandler               
 [WEAK]
  343 00000120                 EXPORT           GPTM1_IRQHandler               
 [WEAK]
  344 00000120                 EXPORT           GPTM0_IRQHandler               
 [WEAK]
  345 00000120                 EXPORT           SCTM0_IRQHandler               
 [WEAK]
  346 00000120                 EXPORT           SCTM1_IRQHandler               
 [WEAK]
  347 00000120                 EXPORT           SCTM2_IRQHandler               
 [WEAK]
  348 00000120                 EXPORT           SCTM3_IRQHandler               
 [WEAK]
  349 00000120                 EXPORT           PWM0_IRQHandler                
 [WEAK]
  350 00000120                 EXPORT           PWM1_IRQHandler                
 [WEAK]
  351 00000120                 EXPORT           BFTM0_IRQHandler               
 [WEAK]
  352 00000120                 EXPORT           BFTM1_IRQHandler               
 [WEAK]
  353 00000120                 EXPORT           I2C0_IRQHandler                
 [WEAK]
  354 00000120                 EXPORT           I2C1_IRQHandler                
 [WEAK]
  355 00000120                 EXPORT           I2C2_IRQHandler                
 [WEAK]
  356 00000120                 EXPORT           SPI0_IRQHandler                
 [WEAK]
  357 00000120                 EXPORT           SPI1_IRQHandler                
 [WEAK]
  358 00000120                 EXPORT           QSPI_IRQHandler                
 [WEAK]
  359 00000120                 EXPORT           USART0_IRQHandler              
 [WEAK]
  360 00000120                 EXPORT           USART1_IRQHandler              
 [WEAK]
  361 00000120                 EXPORT           UART0_IRQHandler               
 [WEAK]
  362 00000120                 EXPORT           UART1_IRQHandler               
 [WEAK]
  363 00000120                 EXPORT           UART2_IRQHandler               
 [WEAK]
  364 00000120                 EXPORT           UART3_IRQHandler               
 [WEAK]
  365 00000120                 EXPORT           SCI_IRQHandler                 
 [WEAK]
  366 00000120                 EXPORT           MIDI_IRQHandler                
 [WEAK]
  367 00000120                 EXPORT           I2S_IRQHandler                 
 [WEAK]
  368 00000120                 EXPORT           AES_IRQHandler                 
 [WEAK]



ARM Macro Assembler    Page 9 


  369 00000120                 EXPORT           USB_IRQHandler                 
 [WEAK]
  370 00000120                 EXPORT           PDMA_CH0_1_IRQHandler          
 [WEAK]
  371 00000120                 EXPORT           PDMA_CH2_5_IRQHandler          
 [WEAK]
  372 00000120         
  373 00000120         LVD_BOD_IRQHandler
  374 00000120         RTC_IRQHandler
  375 00000120         FLASH_IRQHandler
  376 00000120         EVWUP_IRQHandler
  377 00000120         EXTI0_1_IRQHandler
  378 00000120         EXTI2_3_IRQHandler
  379 00000120         EXTI4_15_IRQHandler
  380 00000120         COMP_IRQHandler
  381 00000120         ADC_IRQHandler
  382 00000120         MCTM0_IRQHandler
  383 00000120         GPTM1_IRQHandler
  384 00000120         GPTM0_IRQHandler
  385 00000120         SCTM0_IRQHandler
  386 00000120         SCTM1_IRQHandler
  387 00000120         SCTM2_IRQHandler
  388 00000120         SCTM3_IRQHandler
  389 00000120         PWM0_IRQHandler
  390 00000120         PWM1_IRQHandler
  391 00000120         BFTM0_IRQHandler
  392 00000120         BFTM1_IRQHandler
  393 00000120         I2C0_IRQHandler
  394 00000120         I2C1_IRQHandler
  395 00000120         I2C2_IRQHandler
  396 00000120         SPI0_IRQHandler
  397 00000120         SPI1_IRQHandler
  398 00000120         QSPI_IRQHandler
  399 00000120         USART0_IRQHandler
  400 00000120         USART1_IRQHandler
  401 00000120         UART0_IRQHandler
  402 00000120         UART1_IRQHandler
  403 00000120         UART2_IRQHandler
  404 00000120         UART3_IRQHandler
  405 00000120         SCI_IRQHandler
  406 00000120         MIDI_IRQHandler
  407 00000120         I2S_IRQHandler
  408 00000120         AES_IRQHandler
  409 00000120         USB_IRQHandler
  410 00000120         PDMA_CH0_1_IRQHandler
  411 00000120         PDMA_CH2_5_IRQHandler
  412 00000120 E7FE            B                .
  413 00000122                 ENDP
  414 00000122         
  415 00000122 00 00           ALIGN
  416 00000124         
  417 00000124         ;*******************************************************
                       ************************
  418 00000124         ; User Stack and Heap initialization
  419 00000124         ;*******************************************************
                       ************************
  420 00000124                 IF               :DEF:__MICROLIB
  421 00000124         
  422 00000124                 EXPORT           __HT_check_heap



ARM Macro Assembler    Page 10 


  423 00000124                 EXPORT           __HT_check_sp
  424 00000124                 EXPORT           __initial_sp
  425 00000124                 EXPORT           __heap_base
  426 00000124                 EXPORT           __heap_limit
  427 00000124         
  428 00000124                 ELSE
  442                          ENDIF
  443 00000124         
  444 00000124                 END
              00000000 
              00000000 
              00000000 
              40080300 
              40080180 
              20000000 
              05FA0004 
              E000ED00 
              40088100 
              00000001 
              00000000 
Command Line: --debug --xref --diag_suppress=9931 --cpu=Cortex-M0+ --apcs=inter
work --depend=.\ht32\52230\obj\startup_ht32f5xxxx_01.d -o.\ht32\52230\obj\start
up_ht32f5xxxx_01.o -IC:\Users\jtantera\AppData\Local\Arm\Packs\Holtek\HT32_DFP\
1.0.38\ARM\INC\Holtek\HT32F5xxxx --predefine="__EVAL SETA 1" --predefine="__MIC
ROLIB SETA 1" --predefine="__UVISION_VERSION SETA 536" --predefine="USE_HT32F52
220_30 SETA 1" --predefine="USE_HT32_CHIP SETA 1" --list=.\ht32\52230\list\star
tup_ht32f5xxxx_01.lst startup_ht32f5xxxx_01.s



ARM Macro Assembler    Page 1 Alphabetic symbol ordering
Relocatable symbols

STACK 00000000

Symbol: STACK
   Definitions
      At line 74 in file startup_ht32f5xxxx_01.s
   Uses
      None
Comment: STACK unused
Stack_Mem 00000000

Symbol: Stack_Mem
   Definitions
      At line 76 in file startup_ht32f5xxxx_01.s
   Uses
      None
Comment: Stack_Mem unused
__HT_check_sp 00000000

Symbol: __HT_check_sp
   Definitions
      At line 75 in file startup_ht32f5xxxx_01.s
   Uses
      At line 423 in file startup_ht32f5xxxx_01.s
Comment: __HT_check_sp used once
__initial_sp 00000200

Symbol: __initial_sp
   Definitions
      At line 77 in file startup_ht32f5xxxx_01.s
   Uses
      At line 98 in file startup_ht32f5xxxx_01.s
      At line 424 in file startup_ht32f5xxxx_01.s

4 symbols



ARM Macro Assembler    Page 1 Alphabetic symbol ordering
Relocatable symbols

HEAP 00000000

Symbol: HEAP
   Definitions
      At line 82 in file startup_ht32f5xxxx_01.s
   Uses
      None
Comment: HEAP unused
Heap_Mem 00000000

Symbol: Heap_Mem
   Definitions
      At line 85 in file startup_ht32f5xxxx_01.s
   Uses
      None
Comment: Heap_Mem unused
__HT_check_heap 00000000

Symbol: __HT_check_heap
   Definitions
      At line 83 in file startup_ht32f5xxxx_01.s
   Uses
      At line 422 in file startup_ht32f5xxxx_01.s
Comment: __HT_check_heap used once
__heap_base 00000000

Symbol: __heap_base
   Definitions
      At line 84 in file startup_ht32f5xxxx_01.s
   Uses
      At line 425 in file startup_ht32f5xxxx_01.s
Comment: __heap_base used once
__heap_limit 00000000

Symbol: __heap_limit
   Definitions
      At line 86 in file startup_ht32f5xxxx_01.s
   Uses
      At line 426 in file startup_ht32f5xxxx_01.s
Comment: __heap_limit used once
5 symbols



ARM Macro Assembler    Page 1 Alphabetic symbol ordering
Relocatable symbols

ADC_IRQHandler 00000120

Symbol: ADC_IRQHandler
   Definitions
      At line 381 in file startup_ht32f5xxxx_01.s
   Uses
      At line 135 in file startup_ht32f5xxxx_01.s
      At line 341 in file startup_ht32f5xxxx_01.s

AES_IRQHandler 00000120

Symbol: AES_IRQHandler
   Definitions
      At line 408 in file startup_ht32f5xxxx_01.s
   Uses
      At line 368 in file startup_ht32f5xxxx_01.s
Comment: AES_IRQHandler used once
BFTM0_IRQHandler 00000120

Symbol: BFTM0_IRQHandler
   Definitions
      At line 391 in file startup_ht32f5xxxx_01.s
   Uses
      At line 172 in file startup_ht32f5xxxx_01.s
      At line 351 in file startup_ht32f5xxxx_01.s

BFTM1_IRQHandler 00000120

Symbol: BFTM1_IRQHandler
   Definitions
      At line 392 in file startup_ht32f5xxxx_01.s
   Uses
      At line 352 in file startup_ht32f5xxxx_01.s
Comment: BFTM1_IRQHandler used once
BP1 000000D2

Symbol: BP1
   Definitions
      At line 272 in file startup_ht32f5xxxx_01.s
   Uses
      At line 262 in file startup_ht32f5xxxx_01.s
      At line 265 in file startup_ht32f5xxxx_01.s
      At line 268 in file startup_ht32f5xxxx_01.s

BP2 000000E6

Symbol: BP2
   Definitions
      At line 282 in file startup_ht32f5xxxx_01.s
   Uses
      At line 271 in file startup_ht32f5xxxx_01.s
Comment: BP2 used once
BP3 000000FC

Symbol: BP3
   Definitions
      At line 291 in file startup_ht32f5xxxx_01.s
   Uses
      At line 277 in file startup_ht32f5xxxx_01.s



ARM Macro Assembler    Page 2 Alphabetic symbol ordering
Relocatable symbols

      At line 279 in file startup_ht32f5xxxx_01.s
      At line 281 in file startup_ht32f5xxxx_01.s

BP4 00000108

Symbol: BP4
   Definitions
      At line 297 in file startup_ht32f5xxxx_01.s
   Uses
      At line 295 in file startup_ht32f5xxxx_01.s
Comment: BP4 used once
BootProcess 000000B8

Symbol: BootProcess
   Definitions
      At line 258 in file startup_ht32f5xxxx_01.s
   Uses
      At line 250 in file startup_ht32f5xxxx_01.s
Comment: BootProcess used once
COMP_IRQHandler 00000120

Symbol: COMP_IRQHandler
   Definitions
      At line 380 in file startup_ht32f5xxxx_01.s
   Uses
      At line 340 in file startup_ht32f5xxxx_01.s
Comment: COMP_IRQHandler used once
Default_Handler 00000120

Symbol: Default_Handler
   Definitions
      At line 332 in file startup_ht32f5xxxx_01.s
   Uses
      None
Comment: Default_Handler unused
EVWUP_IRQHandler 00000120

Symbol: EVWUP_IRQHandler
   Definitions
      At line 376 in file startup_ht32f5xxxx_01.s
   Uses
      At line 123 in file startup_ht32f5xxxx_01.s
      At line 336 in file startup_ht32f5xxxx_01.s

EXTI0_1_IRQHandler 00000120

Symbol: EXTI0_1_IRQHandler
   Definitions
      At line 377 in file startup_ht32f5xxxx_01.s
   Uses
      At line 124 in file startup_ht32f5xxxx_01.s
      At line 337 in file startup_ht32f5xxxx_01.s

EXTI2_3_IRQHandler 00000120

Symbol: EXTI2_3_IRQHandler
   Definitions
      At line 378 in file startup_ht32f5xxxx_01.s
   Uses



ARM Macro Assembler    Page 3 Alphabetic symbol ordering
Relocatable symbols

      At line 125 in file startup_ht32f5xxxx_01.s
      At line 338 in file startup_ht32f5xxxx_01.s

EXTI4_15_IRQHandler 00000120

Symbol: EXTI4_15_IRQHandler
   Definitions
      At line 379 in file startup_ht32f5xxxx_01.s
   Uses
      At line 126 in file startup_ht32f5xxxx_01.s
      At line 339 in file startup_ht32f5xxxx_01.s

FLASH_IRQHandler 00000120

Symbol: FLASH_IRQHandler
   Definitions
      At line 375 in file startup_ht32f5xxxx_01.s
   Uses
      At line 122 in file startup_ht32f5xxxx_01.s
      At line 335 in file startup_ht32f5xxxx_01.s

GPTM0_IRQHandler 00000120

Symbol: GPTM0_IRQHandler
   Definitions
      At line 384 in file startup_ht32f5xxxx_01.s
   Uses
      At line 152 in file startup_ht32f5xxxx_01.s
      At line 344 in file startup_ht32f5xxxx_01.s

GPTM1_IRQHandler 00000120

Symbol: GPTM1_IRQHandler
   Definitions
      At line 383 in file startup_ht32f5xxxx_01.s
   Uses
      At line 343 in file startup_ht32f5xxxx_01.s
Comment: GPTM1_IRQHandler used once
HardFault_Handler 00000118

Symbol: HardFault_Handler
   Definitions
      At line 312 in file startup_ht32f5xxxx_01.s
   Uses
      At line 101 in file startup_ht32f5xxxx_01.s
      At line 313 in file startup_ht32f5xxxx_01.s

I2C0_IRQHandler 00000120

Symbol: I2C0_IRQHandler
   Definitions
      At line 393 in file startup_ht32f5xxxx_01.s
   Uses
      At line 178 in file startup_ht32f5xxxx_01.s
      At line 353 in file startup_ht32f5xxxx_01.s

I2C1_IRQHandler 00000120

Symbol: I2C1_IRQHandler



ARM Macro Assembler    Page 4 Alphabetic symbol ordering
Relocatable symbols

   Definitions
      At line 394 in file startup_ht32f5xxxx_01.s
   Uses
      At line 354 in file startup_ht32f5xxxx_01.s
Comment: I2C1_IRQHandler used once
I2C2_IRQHandler 00000120

Symbol: I2C2_IRQHandler
   Definitions
      At line 395 in file startup_ht32f5xxxx_01.s
   Uses
      At line 355 in file startup_ht32f5xxxx_01.s
Comment: I2C2_IRQHandler used once
I2S_IRQHandler 00000120

Symbol: I2S_IRQHandler
   Definitions
      At line 407 in file startup_ht32f5xxxx_01.s
   Uses
      At line 367 in file startup_ht32f5xxxx_01.s
Comment: I2S_IRQHandler used once
LVD_BOD_IRQHandler 00000120

Symbol: LVD_BOD_IRQHandler
   Definitions
      At line 373 in file startup_ht32f5xxxx_01.s
   Uses
      At line 116 in file startup_ht32f5xxxx_01.s
      At line 333 in file startup_ht32f5xxxx_01.s

MCTM0_IRQHandler 00000120

Symbol: MCTM0_IRQHandler
   Definitions
      At line 382 in file startup_ht32f5xxxx_01.s
   Uses
      At line 342 in file startup_ht32f5xxxx_01.s
Comment: MCTM0_IRQHandler used once
MIDI_IRQHandler 00000120

Symbol: MIDI_IRQHandler
   Definitions
      At line 406 in file startup_ht32f5xxxx_01.s
   Uses
      At line 366 in file startup_ht32f5xxxx_01.s
Comment: MIDI_IRQHandler used once
NMI_Handler 00000116

Symbol: NMI_Handler
   Definitions
      At line 307 in file startup_ht32f5xxxx_01.s
   Uses
      At line 100 in file startup_ht32f5xxxx_01.s
      At line 308 in file startup_ht32f5xxxx_01.s

PDMA_CH0_1_IRQHandler 00000120

Symbol: PDMA_CH0_1_IRQHandler
   Definitions



ARM Macro Assembler    Page 5 Alphabetic symbol ordering
Relocatable symbols

      At line 410 in file startup_ht32f5xxxx_01.s
   Uses
      At line 370 in file startup_ht32f5xxxx_01.s
Comment: PDMA_CH0_1_IRQHandler used once
PDMA_CH2_5_IRQHandler 00000120

Symbol: PDMA_CH2_5_IRQHandler
   Definitions
      At line 411 in file startup_ht32f5xxxx_01.s
   Uses
      At line 371 in file startup_ht32f5xxxx_01.s
Comment: PDMA_CH2_5_IRQHandler used once
PWM0_IRQHandler 00000120

Symbol: PWM0_IRQHandler
   Definitions
      At line 389 in file startup_ht32f5xxxx_01.s
   Uses
      At line 349 in file startup_ht32f5xxxx_01.s
Comment: PWM0_IRQHandler used once
PWM1_IRQHandler 00000120

Symbol: PWM1_IRQHandler
   Definitions
      At line 390 in file startup_ht32f5xxxx_01.s
   Uses
      At line 350 in file startup_ht32f5xxxx_01.s
Comment: PWM1_IRQHandler used once
PendSV_Handler 0000011C

Symbol: PendSV_Handler
   Definitions
      At line 322 in file startup_ht32f5xxxx_01.s
   Uses
      At line 112 in file startup_ht32f5xxxx_01.s
      At line 323 in file startup_ht32f5xxxx_01.s

QSPI_IRQHandler 00000120

Symbol: QSPI_IRQHandler
   Definitions
      At line 398 in file startup_ht32f5xxxx_01.s
   Uses
      At line 358 in file startup_ht32f5xxxx_01.s
Comment: QSPI_IRQHandler used once
RESET 00000000

Symbol: RESET
   Definitions
      At line 94 in file startup_ht32f5xxxx_01.s
   Uses
      None
Comment: RESET unused
RTC_IRQHandler 00000120

Symbol: RTC_IRQHandler
   Definitions
      At line 374 in file startup_ht32f5xxxx_01.s
   Uses



ARM Macro Assembler    Page 6 Alphabetic symbol ordering
Relocatable symbols

      At line 334 in file startup_ht32f5xxxx_01.s
Comment: RTC_IRQHandler used once
Reset_Handler 000000AC

Symbol: Reset_Handler
   Definitions
      At line 246 in file startup_ht32f5xxxx_01.s
   Uses
      At line 99 in file startup_ht32f5xxxx_01.s
      At line 247 in file startup_ht32f5xxxx_01.s

SCI_IRQHandler 00000120

Symbol: SCI_IRQHandler
   Definitions
      At line 405 in file startup_ht32f5xxxx_01.s
   Uses
      At line 365 in file startup_ht32f5xxxx_01.s
Comment: SCI_IRQHandler used once
SCTM0_IRQHandler 00000120

Symbol: SCTM0_IRQHandler
   Definitions
      At line 385 in file startup_ht32f5xxxx_01.s
   Uses
      At line 157 in file startup_ht32f5xxxx_01.s
      At line 345 in file startup_ht32f5xxxx_01.s

SCTM1_IRQHandler 00000120

Symbol: SCTM1_IRQHandler
   Definitions
      At line 386 in file startup_ht32f5xxxx_01.s
   Uses
      At line 158 in file startup_ht32f5xxxx_01.s
      At line 346 in file startup_ht32f5xxxx_01.s

SCTM2_IRQHandler 00000120

Symbol: SCTM2_IRQHandler
   Definitions
      At line 387 in file startup_ht32f5xxxx_01.s
   Uses
      At line 347 in file startup_ht32f5xxxx_01.s
Comment: SCTM2_IRQHandler used once
SCTM3_IRQHandler 00000120

Symbol: SCTM3_IRQHandler
   Definitions
      At line 388 in file startup_ht32f5xxxx_01.s
   Uses
      At line 348 in file startup_ht32f5xxxx_01.s
Comment: SCTM3_IRQHandler used once
SPI0_IRQHandler 00000120

Symbol: SPI0_IRQHandler
   Definitions
      At line 396 in file startup_ht32f5xxxx_01.s
   Uses



ARM Macro Assembler    Page 7 Alphabetic symbol ordering
Relocatable symbols

      At line 184 in file startup_ht32f5xxxx_01.s
      At line 356 in file startup_ht32f5xxxx_01.s

SPI1_IRQHandler 00000120

Symbol: SPI1_IRQHandler
   Definitions
      At line 397 in file startup_ht32f5xxxx_01.s
   Uses
      At line 357 in file startup_ht32f5xxxx_01.s
Comment: SPI1_IRQHandler used once
SVC_Handler 0000011A

Symbol: SVC_Handler
   Definitions
      At line 317 in file startup_ht32f5xxxx_01.s
   Uses
      At line 109 in file startup_ht32f5xxxx_01.s
      At line 318 in file startup_ht32f5xxxx_01.s

SysTick_Handler 0000011E

Symbol: SysTick_Handler
   Definitions
      At line 327 in file startup_ht32f5xxxx_01.s
   Uses
      At line 113 in file startup_ht32f5xxxx_01.s
      At line 328 in file startup_ht32f5xxxx_01.s

UART0_IRQHandler 00000120

Symbol: UART0_IRQHandler
   Definitions
      At line 401 in file startup_ht32f5xxxx_01.s
   Uses
      At line 204 in file startup_ht32f5xxxx_01.s
      At line 361 in file startup_ht32f5xxxx_01.s

UART1_IRQHandler 00000120

Symbol: UART1_IRQHandler
   Definitions
      At line 402 in file startup_ht32f5xxxx_01.s
   Uses
      At line 362 in file startup_ht32f5xxxx_01.s
Comment: UART1_IRQHandler used once
UART2_IRQHandler 00000120

Symbol: UART2_IRQHandler
   Definitions
      At line 403 in file startup_ht32f5xxxx_01.s
   Uses
      At line 363 in file startup_ht32f5xxxx_01.s
Comment: UART2_IRQHandler used once
UART3_IRQHandler 00000120

Symbol: UART3_IRQHandler
   Definitions
      At line 404 in file startup_ht32f5xxxx_01.s



ARM Macro Assembler    Page 8 Alphabetic symbol ordering
Relocatable symbols

   Uses
      At line 364 in file startup_ht32f5xxxx_01.s
Comment: UART3_IRQHandler used once
USART0_IRQHandler 00000120

Symbol: USART0_IRQHandler
   Definitions
      At line 399 in file startup_ht32f5xxxx_01.s
   Uses
      At line 197 in file startup_ht32f5xxxx_01.s
      At line 359 in file startup_ht32f5xxxx_01.s

USART1_IRQHandler 00000120

Symbol: USART1_IRQHandler
   Definitions
      At line 400 in file startup_ht32f5xxxx_01.s
   Uses
      At line 360 in file startup_ht32f5xxxx_01.s
Comment: USART1_IRQHandler used once
USB_IRQHandler 00000120

Symbol: USB_IRQHandler
   Definitions
      At line 409 in file startup_ht32f5xxxx_01.s
   Uses
      At line 369 in file startup_ht32f5xxxx_01.s
Comment: USB_IRQHandler used once
__Vectors 00000000

Symbol: __Vectors
   Definitions
      At line 97 in file startup_ht32f5xxxx_01.s
   Uses
      At line 95 in file startup_ht32f5xxxx_01.s
Comment: __Vectors used once
53 symbols



ARM Macro Assembler    Page 1 Alphabetic symbol ordering
Absolute symbols

HT32F0006 0000000A

Symbol: HT32F0006
   Definitions
      At line 62 in file startup_ht32f5xxxx_01.s
   Uses
      At line 142 in file startup_ht32f5xxxx_01.s
      At line 160 in file startup_ht32f5xxxx_01.s
      At line 179 in file startup_ht32f5xxxx_01.s
      At line 205 in file startup_ht32f5xxxx_01.s
      At line 216 in file startup_ht32f5xxxx_01.s
      At line 222 in file startup_ht32f5xxxx_01.s
      At line 234 in file startup_ht32f5xxxx_01.s
      At line 240 in file startup_ht32f5xxxx_01.s

HT32F0008 00000006

Symbol: HT32F0008
   Definitions
      At line 60 in file startup_ht32f5xxxx_01.s
   Uses
      At line 132 in file startup_ht32f5xxxx_01.s
      At line 142 in file startup_ht32f5xxxx_01.s
      At line 153 in file startup_ht32f5xxxx_01.s
      At line 164 in file startup_ht32f5xxxx_01.s
      At line 179 in file startup_ht32f5xxxx_01.s
      At line 185 in file startup_ht32f5xxxx_01.s
      At line 205 in file startup_ht32f5xxxx_01.s
      At line 219 in file startup_ht32f5xxxx_01.s
      At line 231 in file startup_ht32f5xxxx_01.s
      At line 234 in file startup_ht32f5xxxx_01.s
      At line 240 in file startup_ht32f5xxxx_01.s

HT32F52220_30 00000001

Symbol: HT32F52220_30
   Definitions
      At line 55 in file startup_ht32f5xxxx_01.s
   Uses
      At line 117 in file startup_ht32f5xxxx_01.s
      At line 142 in file startup_ht32f5xxxx_01.s
      At line 168 in file startup_ht32f5xxxx_01.s
      At line 173 in file startup_ht32f5xxxx_01.s
      At line 179 in file startup_ht32f5xxxx_01.s
      At line 185 in file startup_ht32f5xxxx_01.s
      At line 205 in file startup_ht32f5xxxx_01.s

HT32F52231_41 00000002

Symbol: HT32F52231_41
   Definitions
      At line 56 in file startup_ht32f5xxxx_01.s
   Uses
      At line 160 in file startup_ht32f5xxxx_01.s
Comment: HT32F52231_41 used once
HT32F52243_53 00000005

Symbol: HT32F52243_53
   Definitions



ARM Macro Assembler    Page 2 Alphabetic symbol ordering
Absolute symbols

      At line 59 in file startup_ht32f5xxxx_01.s
   Uses
      At line 137 in file startup_ht32f5xxxx_01.s
      At line 160 in file startup_ht32f5xxxx_01.s
      At line 199 in file startup_ht32f5xxxx_01.s
      At line 213 in file startup_ht32f5xxxx_01.s
      At line 228 in file startup_ht32f5xxxx_01.s
      At line 237 in file startup_ht32f5xxxx_01.s
      At line 240 in file startup_ht32f5xxxx_01.s

HT32F52331_41 00000003

Symbol: HT32F52331_41
   Definitions
      At line 57 in file startup_ht32f5xxxx_01.s
   Uses
      At line 160 in file startup_ht32f5xxxx_01.s
      At line 210 in file startup_ht32f5xxxx_01.s
      At line 225 in file startup_ht32f5xxxx_01.s
      At line 234 in file startup_ht32f5xxxx_01.s

HT32F52342_52 00000004

Symbol: HT32F52342_52
   Definitions
      At line 58 in file startup_ht32f5xxxx_01.s
   Uses
      At line 127 in file startup_ht32f5xxxx_01.s
      At line 147 in file startup_ht32f5xxxx_01.s
      At line 168 in file startup_ht32f5xxxx_01.s
      At line 199 in file startup_ht32f5xxxx_01.s
      At line 210 in file startup_ht32f5xxxx_01.s
      At line 222 in file startup_ht32f5xxxx_01.s
      At line 234 in file startup_ht32f5xxxx_01.s
      At line 240 in file startup_ht32f5xxxx_01.s

HT32F52344_54 00000009

Symbol: HT32F52344_54
   Definitions
      At line 61 in file startup_ht32f5xxxx_01.s
   Uses
      At line 127 in file startup_ht32f5xxxx_01.s
      At line 168 in file startup_ht32f5xxxx_01.s
      At line 179 in file startup_ht32f5xxxx_01.s
      At line 194 in file startup_ht32f5xxxx_01.s
      At line 219 in file startup_ht32f5xxxx_01.s
      At line 225 in file startup_ht32f5xxxx_01.s
      At line 234 in file startup_ht32f5xxxx_01.s
      At line 240 in file startup_ht32f5xxxx_01.s

Heap_Size 00000000

Symbol: Heap_Size
   Definitions
      At line 80 in file startup_ht32f5xxxx_01.s
   Uses
      At line 85 in file startup_ht32f5xxxx_01.s
Comment: Heap_Size used once



ARM Macro Assembler    Page 3 Alphabetic symbol ordering
Absolute symbols

Stack_Size 00000200

Symbol: Stack_Size
   Definitions
      At line 72 in file startup_ht32f5xxxx_01.s
   Uses
      At line 76 in file startup_ht32f5xxxx_01.s
Comment: Stack_Size used once
USE_HT32_CHIP_SET 00000000

Symbol: USE_HT32_CHIP_SET
   Definitions
      At line 37 in file startup_ht32f5xxxx_01.s
   Uses
      At line 64 in file startup_ht32f5xxxx_01.s
Comment: USE_HT32_CHIP_SET used once
_HT32FWID FFFFFFFF

Symbol: _HT32FWID
   Definitions
      At line 39 in file startup_ht32f5xxxx_01.s
   Uses
      At line 106 in file startup_ht32f5xxxx_01.s
Comment: _HT32FWID used once
_RESERVED FFFFFFFF

Symbol: _RESERVED
   Definitions
      At line 96 in file startup_ht32f5xxxx_01.s
   Uses
      At line 102 in file startup_ht32f5xxxx_01.s
      At line 103 in file startup_ht32f5xxxx_01.s
      At line 104 in file startup_ht32f5xxxx_01.s
      At line 105 in file startup_ht32f5xxxx_01.s
      At line 107 in file startup_ht32f5xxxx_01.s
      At line 108 in file startup_ht32f5xxxx_01.s
      At line 110 in file startup_ht32f5xxxx_01.s
      At line 111 in file startup_ht32f5xxxx_01.s
      At line 118 in file startup_ht32f5xxxx_01.s
      At line 130 in file startup_ht32f5xxxx_01.s
      At line 140 in file startup_ht32f5xxxx_01.s
      At line 143 in file startup_ht32f5xxxx_01.s
      At line 150 in file startup_ht32f5xxxx_01.s
      At line 169 in file startup_ht32f5xxxx_01.s
      At line 170 in file startup_ht32f5xxxx_01.s
      At line 174 in file startup_ht32f5xxxx_01.s
      At line 180 in file startup_ht32f5xxxx_01.s
      At line 186 in file startup_ht32f5xxxx_01.s
      At line 202 in file startup_ht32f5xxxx_01.s
      At line 206 in file startup_ht32f5xxxx_01.s

13 symbols



ARM Macro Assembler    Page 1 Alphabetic symbol ordering
External symbols

SystemInit 00000000

Symbol: SystemInit
   Definitions
      At line 248 in file startup_ht32f5xxxx_01.s
   Uses
      At line 252 in file startup_ht32f5xxxx_01.s
Comment: SystemInit used once
__main 00000000

Symbol: __main
   Definitions
      At line 249 in file startup_ht32f5xxxx_01.s
   Uses
      At line 254 in file startup_ht32f5xxxx_01.s
Comment: __main used once
2 symbols
414 symbols in table
